<?xml version="1.0" encoding="UTF-8"?>
<!-- Generated by org.testng.reporters.JUnitReportReporter -->
<testsuite skipped="0" hostname="Ankitlohia" name="com.qa.test.CancelOrder" tests="5" failures="0" timestamp="27 Jun 2019 10:51:18 GMT" time="1.870" errors="0">
  <testcase name="POSTAPIWithHeaders" time="1.814" classname="com.qa.test.CancelOrder"/>
  <testcase name="GetAPIWithHeaders" time="0.012" classname="com.qa.test.CancelOrder"/>
  <testcase name="TAKEORDER" time="0.018" classname="com.qa.test.CancelOrder"/>
  <testcase name="Complete_Order" time="0.019" classname="com.qa.test.CancelOrder"/>
  <testcase name="Cancel_ORDER" time="0.007" classname="com.qa.test.CancelOrder"/>
</testsuite> <!-- com.qa.test.CancelOrder -->
