<?xml version="1.0" encoding="UTF-8"?>
<!-- Generated by org.testng.reporters.JUnitReportReporter -->
<testsuite skipped="0" hostname="Ankitlohia" name="com.qa.test.CancelOrder" tests="1" failures="0" timestamp="26 Jun 2019 11:44:08 GMT" time="0.798" errors="0">
  <testcase name="PUTAPITAKEORDER" time="0.798" classname="com.qa.test.CancelOrder"/>
</testsuite> <!-- com.qa.test.CancelOrder -->
