<?xml version="1.0" encoding="UTF-8"?>
<!-- Generated by org.testng.reporters.JUnitReportReporter -->
<testsuite skipped="0" hostname="Ankitlohia" name="com.qa.test.PlaceOrderTest" tests="1" failures="0" timestamp="27 Jun 2019 07:17:48 GMT" time="1.865" errors="0">
  <testcase name="POSTAPIWithHeaders" time="1.865" classname="com.qa.test.PlaceOrderTest"/>
</testsuite> <!-- com.qa.test.PlaceOrderTest -->
