<?xml version="1.0" encoding="UTF-8"?>
<!-- Generated by org.testng.reporters.JUnitReportReporter -->
<testsuite skipped="0" hostname="Ankitlohia" name="com.qa.test.Takeorder" tests="1" failures="0" timestamp="26 Jun 2019 11:37:14 GMT" time="0.784" errors="0">
  <testcase name="PUTAPITAKEORDER" time="0.784" classname="com.qa.test.Takeorder"/>
</testsuite> <!-- com.qa.test.Takeorder -->
