<?xml version="1.0" encoding="UTF-8"?>
<!-- Generated by org.testng.reporters.JUnitReportReporter -->
<testsuite skipped="0" hostname="Ankitlohia" name="com.qa.test.FetchOrderDetail" tests="2" failures="0" timestamp="27 Jun 2019 08:40:24 GMT" time="2.001" errors="0">
  <testcase name="POSTAPIWithHeaders" time="1.991" classname="com.qa.test.FetchOrderDetail"/>
  <testcase name="GetAPIWithHeaders" time="0.010" classname="com.qa.test.FetchOrderDetail"/>
</testsuite> <!-- com.qa.test.FetchOrderDetail -->
