<?xml version="1.0" encoding="UTF-8"?>
<!-- Generated by org.testng.reporters.JUnitReportReporter -->
<testsuite skipped="0" hostname="Ankitlohia" name="com.qa.test.CompleteOrder" tests="1" failures="0" timestamp="26 Jun 2019 11:39:49 GMT" time="0.779" errors="0">
  <testcase name="PUTAPITAKEORDER" time="0.779" classname="com.qa.test.CompleteOrder"/>
</testsuite> <!-- com.qa.test.CompleteOrder -->
