<?xml version="1.0" encoding="UTF-8"?>
<!-- Generated by org.testng.reporters.JUnitReportReporter -->
<testsuite skipped="0" hostname="Ankitlohia" name="com.qa.test.FetchOrderDetail" tests="1" failures="0" timestamp="26 Jun 2019 11:36:54 GMT" time="0.775" errors="0">
  <testcase name="GetAPIWithHeaders" time="0.775" classname="com.qa.test.FetchOrderDetail"/>
</testsuite> <!-- com.qa.test.FetchOrderDetail -->
