<?xml version="1.0" encoding="UTF-8"?>
<!-- Generated by org.testng.reporters.JUnitReportReporter -->
<testsuite skipped="0" hostname="Ankitlohia" name="com.qa.test.PlaceOrder" tests="1" failures="0" timestamp="26 Jun 2019 11:36:36 GMT" time="1.819" errors="0">
  <testcase name="POSTAPIWithHeaders" time="1.819" classname="com.qa.test.PlaceOrder"/>
</testsuite> <!-- com.qa.test.PlaceOrder -->
