<?xml version="1.0" encoding="UTF-8"?>
<!-- Generated by org.testng.reporters.JUnitReportReporter -->
<testsuite skipped="0" hostname="Ankitlohia" name="com.qa.test.CompleteOrder" tests="4" failures="0" timestamp="27 Jun 2019 10:42:55 GMT" time="1.348" errors="0">
  <testcase name="POSTAPIWithHeaders" time="1.309" classname="com.qa.test.CompleteOrder"/>
  <testcase name="GetAPIWithHeaders" time="0.010" classname="com.qa.test.CompleteOrder"/>
  <testcase name="PUTAPITAKEORDER" time="0.016" classname="com.qa.test.CompleteOrder"/>
  <testcase name="Complete_Order" time="0.013" classname="com.qa.test.CompleteOrder"/>
</testsuite> <!-- com.qa.test.CompleteOrder -->
