<?xml version="1.0" encoding="UTF-8"?>
<!-- Generated by org.testng.reporters.JUnitReportReporter -->
<testsuite skipped="0" hostname="Ankitlohia" name="com.qa.test.GetApitest" tests="1" failures="0" timestamp="25 Jun 2019 09:39:27 GMT" time="0.776" errors="0">
  <testcase name="GetAPIWithHeaders" time="0.776" classname="com.qa.test.GetApitest"/>
</testsuite> <!-- com.qa.test.GetApitest -->
